2023-03-08T08:36:22.032Z [jfac ] [INFO ] [b703549ea9755e65] [.s.s.r.StaleTokenCleanupJob:62] [jf-access-task3     ] - Starting Access job to remove stale nodes and join-admin-tokens on server: 0f1bc8ee4020
2023-03-08T08:56:37.009Z [jfac ] [INFO ] [d0c339d35e961e24] [j.a.s.s.t.TokenServiceImpl:199] [jf-access-task8     ] - Revoked 2 expired tokens.
2023-03-08T09:36:22.047Z [jfac ] [INFO ] [538c034f3d228cf3] [.s.s.r.StaleTokenCleanupJob:62] [jf-access-task8     ] - Starting Access job to remove stale nodes and join-admin-tokens on server: 0f1bc8ee4020
2023-03-08T09:56:37.011Z [jfac ] [INFO ] [fb5bc522a1a3066b] [j.a.s.s.t.TokenServiceImpl:199] [jf-access-task5     ] - Revoked 7 expired tokens.
2023-03-08T10:36:22.049Z [jfac ] [INFO ] [93569d9f41543f7c] [.s.s.r.StaleTokenCleanupJob:62] [jf-access-task6     ] - Starting Access job to remove stale nodes and join-admin-tokens on server: 0f1bc8ee4020
2023-03-08T10:56:37.009Z [jfac ] [INFO ] [afa389e2b2b02fa0] [j.a.s.s.t.TokenServiceImpl:199] [jf-access-task7     ] - Revoked 2 expired tokens.
2023-03-16T10:11:21.596Z [jfac ] [INFO ] [df772e1c7f1bd19e] [licationContextInitializer:162] [Catalina-utility-1  ] - Access (jfac) service initialization started. Version: 7.64.5 Revision: 76405900 PID: 5666 Home: /opt/jfrog/artifactory
2023-03-16T10:11:21.969Z [jfac ] [INFO ] [df772e1c7f1bd19e] [o.j.a.AccessApplication:55    ] [Catalina-utility-1  ] - Starting AccessApplication v7.64.5 using Java 17.0.5 on 9aa75533efb2 with PID 5666 (/opt/jfrog/artifactory/app/artifactory/tomcat/webapps/access/WEB-INF/lib/access-application-7.64.5.jar started by artifactory in /var/opt/jfrog/artifactory)
2023-03-16T10:11:21.973Z [jfac ] [INFO ] [df772e1c7f1bd19e] [o.j.a.AccessApplication:680   ] [Catalina-utility-1  ] - No active profile set, falling back to 1 default profile: "default"
2023-03-16T10:11:36.359Z [jfac ] [WARN ] [df772e1c7f1bd19e] [c.z.h.u.DriverDataSource:70   ] [Catalina-utility-1  ] - Registered driver with driverClassName=org.apache.derby.jdbc.EmbeddedDriver was not found, trying direct instantiation.
2023-03-16T10:11:36.468Z [jfac ] [INFO ] [df772e1c7f1bd19e] [s.d.u.AccessJdbcHelperImpl:162] [Catalina-utility-1  ] - Database: Apache Derby 10.14.2.0 - (1828579). Driver: Apache Derby Embedded JDBC Driver 10.14.2.0 - (1828579)
2023-03-16T10:11:39.556Z [jfac ] [INFO ] [df772e1c7f1bd19e] [nEntitiesFromDefaultProject:44] [Catalina-utility-1  ] - Remove non admin entities from projects configuration.
2023-03-16T10:11:40.676Z [jfac ] [INFO ] [df772e1c7f1bd19e] [alConfigurationServiceBase:188] [Catalina-utility-1  ] - Loading configuration from db finished successfully
2023-03-16T10:11:41.279Z [jfac ] [INFO ] [df772e1c7f1bd19e] [alConfigurationServiceBase:126] [Catalina-utility-1  ] - Current configurations are the same as the new configurations, no need for an update. No action was taken.
2023-03-16T10:11:42.266Z [jfac ] [INFO ] [df772e1c7f1bd19e] [.h.AccessNodeIdProviderImpl:73] [Catalina-utility-1  ] - Service id initialized: jfac@01gsthm3dxven60ez9sygz1r46
2023-03-16T10:11:43.598Z [jfac ] [INFO ] [df772e1c7f1bd19e] [.s.s.s.ServiceConfigFactory:44] [Catalina-utility-1  ] - Initializing task scheduler with 9 threads
2023-03-16T10:11:43.695Z [jfac ] [INFO ] [df772e1c7f1bd19e] [j.a.s.s.t.TokenServiceImpl:166] [Catalina-utility-1  ] - Scheduling task for revoking expired tokens using cron expression: 59 45 0/1 * * ?
2023-03-16T10:11:44.708Z [jfac ] [INFO ] [df772e1c7f1bd19e] [b.AccessServerBootstrapImpl:58] [Catalina-utility-1  ] - [ACCESS BOOTSTRAP] Starting JFrog Access bootstrap...
2023-03-16T10:11:44.766Z [jfac ] [INFO ] [df772e1c7f1bd19e] [.a.s.d.s.c.v.DerbyValidator:26] [Catalina-utility-1  ] - Validating connection collation for derby database
2023-03-16T10:11:45.969Z [jfac ] [INFO ] [df772e1c7f1bd19e] [CertificateFileHandlerBase:160] [Catalina-utility-1  ] - [ACCESS BOOTSTRAP] Saved new root certificate at: /opt/jfrog/artifactory/var/etc/access/keys/root.crt
2023-03-16T10:11:46.401Z [jfac ] [INFO ] [df772e1c7f1bd19e] [CertificateFileHandlerBase:160] [Catalina-utility-1  ] - [ACCESS BOOTSTRAP] Saved new ca certificate at: /opt/jfrog/artifactory/var/etc/access/keys/ca.crt
2023-03-16T10:11:47.485Z [jfac ] [INFO ] [df772e1c7f1bd19e] [o.j.m.MetricsHelper:64        ] [Catalina-utility-1  ] - Initializing Metrics collector and logger for feature adoption...
2023-03-16T10:11:47.497Z [jfac ] [INFO ] [df772e1c7f1bd19e] [FeatureAdoptionServiceImpl:129] [Catalina-utility-1  ] - FeatureAdoption Framework service is started and is running in background...
2023-03-16T10:11:47.725Z [jfac ] [INFO ] [df772e1c7f1bd19e] [b.AccessServerBootstrapImpl:71] [Catalina-utility-1  ] - [ACCESS BOOTSTRAP] JFrog Access bootstrap finished.
2023-03-16T10:11:51.107Z [jfac ] [INFO ] [df772e1c7f1bd19e] [o.j.a.s.s.JoinKeyAccess:172   ] [Catalina-utility-1  ] - Cluster join: Join key loaded successfully (from: /opt/jfrog/artifactory/var/etc/security/join.key)
2023-03-16T10:11:51.696Z [jfac ] [INFO ] [df772e1c7f1bd19e] [.a.s.JfConnectConfiguration:40] [Catalina-utility-1  ] - JFCON entitlements are disabled. jfconnect.enabled is false or undefined
2023-03-16T10:11:57.648Z [jfac ] [INFO ] [df772e1c7f1bd19e] [o.j.a.s.r.s.GrpcServerImpl:66 ] [Catalina-utility-1  ] - Starting gRPC Server on port 8045
2023-03-16T10:11:58.457Z [jfac ] [INFO ] [df772e1c7f1bd19e] [o.j.a.s.r.s.GrpcServerImpl:86 ] [Catalina-utility-1  ] - gRPC Server started, listening on 8045
2023-03-16T10:11:58.625Z [jfac ] [INFO ] [df772e1c7f1bd19e] [a.c.RefreshableScheduledJob:53] [Catalina-utility-1  ] - Scheduling EmailsLogCleanup task to run every 86400 seconds
2023-03-16T10:11:58.650Z [jfac ] [INFO ] [df772e1c7f1bd19e] [a.c.RefreshableScheduledJob:53] [Catalina-utility-1  ] - Scheduling staleTokenCleanup task to run every 3600 seconds
2023-03-16T10:11:58.721Z [jfac ] [INFO ] [cd9b89fa61118be6] [a.c.RefreshableScheduledJob:53] [Catalina-utility-1  ] - Scheduling loadCertificates task to run every 30 seconds
2023-03-16T10:11:58.774Z [jfac ] [INFO ] [                ] [.j.a.s.s.SystemScheduledJob:37] [Catalina-utility-1  ] - Scheduling Readiness task to run with 15000 milliseconds fixed delay
2023-03-16T10:11:58.798Z [jfac ] [INFO ] [2e573706b893fa8a] [a.c.RefreshableScheduledJob:53] [Catalina-utility-1  ] - Scheduling heartbeat task to run every 5 seconds
2023-03-16T10:11:58.802Z [jfac ] [INFO ] [2e573706b893fa8a] [a.c.RefreshableScheduledJob:53] [Catalina-utility-1  ] - Scheduling KeepAliveFederationServers task to run every 86400 seconds
2023-03-16T10:11:58.822Z [jfac ] [INFO ] [2e573706b893fa8a] [a.c.RefreshableScheduledJob:53] [Catalina-utility-1  ] - Scheduling federationCleanupService task to run every 1209600 seconds
2023-03-16T10:12:00.840Z [jfac ] [INFO ] [2e573706b893fa8a] [o.j.a.AccessApplication:61    ] [Catalina-utility-1  ] - Started AccessApplication in 42.271 seconds (JVM running for 46.659)
2023-03-16T10:12:03.851Z [jfac ] [WARN ] [6594019321f88b60] [c.z.h.u.DriverDataSource:70   ] [27.0.0.1-8040-exec-3] - Registered driver with driverClassName=org.apache.derby.jdbc.EmbeddedDriver was not found, trying direct instantiation.
2023-03-16T10:12:04.185Z [jfac ] [INFO ] [6594019321f88b60] [.r.ServiceTokenProviderImpl:70] [27.0.0.1-8040-exec-3] - Cluster join: Successfully joined jfrou@01gsthm7tp2bnvtd7d61jbf1xj with node id 9aa75533efb2
2023-03-16T10:12:08.061Z [jfac ] [WARN ] [df772e1c7f1bd19e] [o.j.c.ExecutionUtils:177      ] [jf-common-pool-0    ] - Retry 20 Elapsed 9.51 secs failed: Registration with router on URL http://localhost:8046 failed with error: UNAVAILABLE: io exception. Trying again
2023-03-16T10:12:08.690Z [jfac ] [INFO ] [df772e1c7f1bd19e] [.AccessWithRouterRegistrar:111] [jf-common-pool-1    ] - Access Server successfully registered on Router on URL: http://localhost:8046
2023-03-16T10:12:09.378Z [jfac ] [INFO ] [053d81a4a125ff38] [.r.ServiceTokenProviderImpl:70] [7.0.0.1-8040-exec-10] - Cluster join: Successfully joined jfevt@01gsthm3dxven60ez9sygz1r46 with node id 9aa75533efb2
2023-03-16T10:12:09.589Z [jfac ] [INFO ] [4bc61c372dcc244e] [.r.ServiceTokenProviderImpl:70] [27.0.0.1-8040-exec-2] - Cluster join: Successfully joined jfrt@01gsthmwbbqmed0tj72bw005ed with node id 9aa75533efb2
2023-03-16T10:12:10.001Z [jfac ] [INFO ] [0934d1717c47791b] [.r.ServiceTokenProviderImpl:70] [27.0.0.1-8040-exec-4] - Cluster join: Successfully joined jfmd@01gsthm8t26kx8e8vbe0qkdkse with node id 9aa75533efb2
2023-03-16T10:12:10.001Z [jfac ] [INFO ] [29e1858afb9d6a18] [.r.ServiceTokenProviderImpl:70] [27.0.0.1-8040-exec-6] - Cluster join: Successfully joined jfint@01gsthm3dxven60ez9sygz1r46 with node id 9aa75533efb2
2023-03-16T10:12:10.846Z [jfac ] [INFO ] [78f19413539392b6] [FeatureAdoptionServiceImpl:119] [c-default-executor-2] - FeatureAdoption Framework Service is already running
2023-03-16T10:12:13.025Z [jfac ] [INFO ] [11413d79063d3faf] [.r.ServiceTokenProviderImpl:70] [27.0.0.1-8040-exec-4] - Cluster join: Successfully joined jfob@01gsthmwbbqmed0tj72bw005ed with node id 9aa75533efb2
2023-03-16T10:12:15.233Z [jfac ] [WARN ] [df772e1c7f1bd19e] [o.j.c.ExecutionUtils:177      ] [jf-common-pool-2    ] - Retry 10 Elapsed 6.54 secs failed: Router readiness on URL http://localhost:8046/router/api/v1/system/readiness failed with error: Router readiness failed with status 503. Trying again
2023-03-16T10:12:15.359Z [jfac ] [INFO ] [17389f1cc374c4f2] [a.c.RefreshableScheduledJob:53] [7.0.0.1-8040-exec-10] - Scheduling federationCleanupService task to run every 1209600 seconds
2023-03-16T10:12:15.360Z [jfac ] [INFO ] [d0687ee605e165ec] [.f.FederationCleanupService:59] [jf-access-task4     ] - Running clean up of outdated Federation events
2023-03-16T10:12:15.381Z [jfac ] [INFO ] [17389f1cc374c4f2] [.r.ServiceTokenProviderImpl:70] [7.0.0.1-8040-exec-10] - Cluster join: Successfully joined jffe@01gsthm3dxven60ez9sygz1r46 with node id 9aa75533efb2
2023-03-16T10:12:20.172Z [jfac ] [INFO ] [                ] [CertificateFileHandlerBase:134] [c-default-executor-2] - Loading root certificate from database.
2023-03-16T10:12:20.253Z [jfac ] [INFO ] [                ] [CertificateFileHandlerBase:160] [c-default-executor-2] - [ACCESS BOOTSTRAP] Saved new root certificate at: /opt/jfrog/artifactory/var/etc/access/keys/root.crt
2023-03-16T10:12:20.254Z [jfac ] [INFO ] [                ] [CertificateFileHandlerBase:134] [c-default-executor-2] - Loading ca certificate from database.
2023-03-16T10:12:20.268Z [jfac ] [INFO ] [df772e1c7f1bd19e] [.s.b.AccessServerRegistrar:130] [jf-common-pool-1    ] - [ACCESS BOOTSTRAP] Updating server '9aa75533efb2' private key finger print to: c7c7d3cef96bc4602b969d0402ea90223647978692ca028531e365e6c92d2115 ca private key finger print to: e3f48a65daa0ffe8f41761b059deb7b1160e04b3b99d19d762e79a16c8e5cce8
2023-03-16T10:12:20.373Z [jfac ] [INFO ] [                ] [CertificateFileHandlerBase:160] [c-default-executor-2] - [ACCESS BOOTSTRAP] Saved new ca certificate at: /opt/jfrog/artifactory/var/etc/access/keys/ca.crt
2023-03-16T10:12:20.384Z [jfac ] [INFO ] [                ] [alConfigurationServiceBase:188] [c-default-executor-2] - Loading configuration from db finished successfully
2023-03-16T10:45:59.033Z [jfac ] [INFO ] [66e8fb7958b0b4bf] [j.a.s.s.t.TokenServiceImpl:200] [jf-access-task4     ] - Revoked 35 expired tokens.
2023-03-16T11:11:58.652Z [jfac ] [INFO ] [301eae6a00f413e6] [.s.s.r.StaleTokenCleanupJob:62] [jf-access-task9     ] - Starting Access job to remove stale nodes and join-admin-tokens on server: 9aa75533efb2
2023-03-16T11:11:58.686Z [jfac ] [INFO ] [301eae6a00f413e6] [r.ServiceTokenProviderImpl:139] [jf-access-task9     ] - Cluster join: Token null not found, ignoring revoke
2023-03-16T11:11:58.707Z [jfac ] [INFO ] [301eae6a00f413e6] [.s.s.r.StaleTokenCleanupJob:81] [jf-access-task9     ] - Removed 8 Stale Nodes and 8 Join-Admin-Tokens from before: 2023-03-09T11:11:58 
2023-03-16T11:28:20.450Z [jfac ] [INFO ] [fada5fd5652c6beb] [licationContextInitializer:162] [Catalina-utility-1  ] - Access (jfac) service initialization started. Version: 7.64.5 Revision: 76405900 PID: 4961 Home: /opt/jfrog/artifactory
2023-03-16T11:28:20.856Z [jfac ] [INFO ] [fada5fd5652c6beb] [o.j.a.AccessApplication:55    ] [Catalina-utility-1  ] - Starting AccessApplication v7.64.5 using Java 17.0.5 on 289ef4815149 with PID 4961 (/opt/jfrog/artifactory/app/artifactory/tomcat/webapps/access/WEB-INF/lib/access-application-7.64.5.jar started by artifactory in /var/opt/jfrog/artifactory)
2023-03-16T11:28:20.884Z [jfac ] [INFO ] [fada5fd5652c6beb] [o.j.a.AccessApplication:680   ] [Catalina-utility-1  ] - No active profile set, falling back to 1 default profile: "default"
2023-03-16T11:28:33.597Z [jfac ] [WARN ] [fada5fd5652c6beb] [c.z.h.u.DriverDataSource:70   ] [Catalina-utility-1  ] - Registered driver with driverClassName=org.apache.derby.jdbc.EmbeddedDriver was not found, trying direct instantiation.
2023-03-16T11:28:33.719Z [jfac ] [INFO ] [fada5fd5652c6beb] [s.d.u.AccessJdbcHelperImpl:162] [Catalina-utility-1  ] - Database: Apache Derby 10.14.2.0 - (1828579). Driver: Apache Derby Embedded JDBC Driver 10.14.2.0 - (1828579)
2023-03-16T11:28:36.648Z [jfac ] [INFO ] [fada5fd5652c6beb] [alConfigurationServiceBase:188] [Catalina-utility-1  ] - Loading configuration from db finished successfully
2023-03-16T11:28:37.272Z [jfac ] [INFO ] [fada5fd5652c6beb] [alConfigurationServiceBase:126] [Catalina-utility-1  ] - Current configurations are the same as the new configurations, no need for an update. No action was taken.
2023-03-16T11:28:38.137Z [jfac ] [INFO ] [fada5fd5652c6beb] [.h.AccessNodeIdProviderImpl:73] [Catalina-utility-1  ] - Service id initialized: jfac@01gsthm3dxven60ez9sygz1r46
2023-03-16T11:28:39.503Z [jfac ] [INFO ] [fada5fd5652c6beb] [.s.s.s.ServiceConfigFactory:44] [Catalina-utility-1  ] - Initializing task scheduler with 9 threads
2023-03-16T11:28:39.600Z [jfac ] [INFO ] [fada5fd5652c6beb] [j.a.s.s.t.TokenServiceImpl:166] [Catalina-utility-1  ] - Scheduling task for revoking expired tokens using cron expression: 37 42 0/1 * * ?
2023-03-16T11:28:40.316Z [jfac ] [INFO ] [fada5fd5652c6beb] [b.AccessServerBootstrapImpl:58] [Catalina-utility-1  ] - [ACCESS BOOTSTRAP] Starting JFrog Access bootstrap...
2023-03-16T11:28:40.353Z [jfac ] [INFO ] [fada5fd5652c6beb] [.a.s.d.s.c.v.DerbyValidator:26] [Catalina-utility-1  ] - Validating connection collation for derby database
2023-03-16T11:28:41.256Z [jfac ] [INFO ] [fada5fd5652c6beb] [CertificateFileHandlerBase:160] [Catalina-utility-1  ] - [ACCESS BOOTSTRAP] Saved new root certificate at: /opt/jfrog/artifactory/var/etc/access/keys/root.crt
2023-03-16T11:28:41.637Z [jfac ] [INFO ] [fada5fd5652c6beb] [CertificateFileHandlerBase:160] [Catalina-utility-1  ] - [ACCESS BOOTSTRAP] Saved new ca certificate at: /opt/jfrog/artifactory/var/etc/access/keys/ca.crt
2023-03-16T11:28:42.470Z [jfac ] [INFO ] [fada5fd5652c6beb] [o.j.m.MetricsHelper:64        ] [Catalina-utility-1  ] - Initializing Metrics collector and logger for feature adoption...
2023-03-16T11:28:42.471Z [jfac ] [INFO ] [fada5fd5652c6beb] [FeatureAdoptionServiceImpl:129] [Catalina-utility-1  ] - FeatureAdoption Framework service is started and is running in background...
2023-03-16T11:28:42.572Z [jfac ] [INFO ] [fada5fd5652c6beb] [b.AccessServerBootstrapImpl:71] [Catalina-utility-1  ] - [ACCESS BOOTSTRAP] JFrog Access bootstrap finished.
2023-03-16T11:28:43.480Z [jfac ] [INFO ] [fada5fd5652c6beb] [o.j.a.s.s.JoinKeyAccess:172   ] [Catalina-utility-1  ] - Cluster join: Join key loaded successfully (from: /opt/jfrog/artifactory/var/etc/security/join.key)
2023-03-16T11:28:43.751Z [jfac ] [INFO ] [fada5fd5652c6beb] [.a.s.JfConnectConfiguration:40] [Catalina-utility-1  ] - JFCON entitlements are disabled. jfconnect.enabled is false or undefined
2023-03-16T11:28:46.024Z [jfac ] [INFO ] [fada5fd5652c6beb] [o.j.a.s.r.s.GrpcServerImpl:66 ] [Catalina-utility-1  ] - Starting gRPC Server on port 8045
2023-03-16T11:28:46.492Z [jfac ] [INFO ] [fada5fd5652c6beb] [o.j.a.s.r.s.GrpcServerImpl:86 ] [Catalina-utility-1  ] - gRPC Server started, listening on 8045
2023-03-16T11:28:46.697Z [jfac ] [INFO ] [fada5fd5652c6beb] [a.c.RefreshableScheduledJob:53] [Catalina-utility-1  ] - Scheduling EmailsLogCleanup task to run every 86400 seconds
2023-03-16T11:28:46.708Z [jfac ] [INFO ] [fada5fd5652c6beb] [a.c.RefreshableScheduledJob:53] [Catalina-utility-1  ] - Scheduling staleTokenCleanup task to run every 3600 seconds
2023-03-16T11:28:46.722Z [jfac ] [INFO ] [868b80651ad09dbe] [a.c.RefreshableScheduledJob:53] [Catalina-utility-1  ] - Scheduling loadCertificates task to run every 30 seconds
2023-03-16T11:28:46.740Z [jfac ] [INFO ] [                ] [.j.a.s.s.SystemScheduledJob:37] [Catalina-utility-1  ] - Scheduling Readiness task to run with 15000 milliseconds fixed delay
2023-03-16T11:28:46.779Z [jfac ] [INFO ] [8e0d095c0dbb501d] [a.c.RefreshableScheduledJob:53] [Catalina-utility-1  ] - Scheduling heartbeat task to run every 5 seconds
2023-03-16T11:28:46.796Z [jfac ] [INFO ] [8e0d095c0dbb501d] [a.c.RefreshableScheduledJob:53] [Catalina-utility-1  ] - Scheduling KeepAliveFederationServers task to run every 86400 seconds
2023-03-16T11:28:46.799Z [jfac ] [INFO ] [8e0d095c0dbb501d] [a.c.RefreshableScheduledJob:53] [Catalina-utility-1  ] - Scheduling federationCleanupService task to run every 1209600 seconds
2023-03-16T11:28:49.328Z [jfac ] [INFO ] [8e0d095c0dbb501d] [o.j.a.AccessApplication:61    ] [Catalina-utility-1  ] - Started AccessApplication in 31.83 seconds (JVM running for 39.18)
2023-03-16T11:28:52.272Z [jfac ] [WARN ] [046387a53722491f] [c.z.h.u.DriverDataSource:70   ] [27.0.0.1-8040-exec-3] - Registered driver with driverClassName=org.apache.derby.jdbc.EmbeddedDriver was not found, trying direct instantiation.
2023-03-16T11:28:52.668Z [jfac ] [INFO ] [046387a53722491f] [.r.ServiceTokenProviderImpl:70] [27.0.0.1-8040-exec-3] - Cluster join: Successfully joined jfrou@01gsthm7tp2bnvtd7d61jbf1xj with node id 289ef4815149
2023-03-16T11:28:56.140Z [jfac ] [INFO ] [fada5fd5652c6beb] [.AccessWithRouterRegistrar:111] [jf-common-pool-1    ] - Access Server successfully registered on Router on URL: http://localhost:8046
2023-03-16T11:28:58.002Z [jfac ] [INFO ] [55a938eb569828c2] [.r.ServiceTokenProviderImpl:70] [27.0.0.1-8040-exec-9] - Cluster join: Successfully joined jfmd@01gsthm8t26kx8e8vbe0qkdkse with node id 289ef4815149
2023-03-16T11:28:58.320Z [jfac ] [INFO ] [6f354e5cb181ac7d] [.r.ServiceTokenProviderImpl:70] [7.0.0.1-8040-exec-10] - Cluster join: Successfully joined jfrt@01gsthmwbbqmed0tj72bw005ed with node id 289ef4815149
2023-03-16T11:28:58.699Z [jfac ] [INFO ] [39c03cc9a56f57fe] [.r.ServiceTokenProviderImpl:70] [27.0.0.1-8040-exec-4] - Cluster join: Successfully joined jfevt@01gsthm3dxven60ez9sygz1r46 with node id 289ef4815149
2023-03-16T11:28:58.802Z [jfac ] [INFO ] [6264de3d0dfb89db] [.r.ServiceTokenProviderImpl:70] [27.0.0.1-8040-exec-4] - Cluster join: Successfully joined jfint@01gsthm3dxven60ez9sygz1r46 with node id 289ef4815149
2023-03-16T11:28:59.878Z [jfac ] [INFO ] [0f60f079a89b1195] [FeatureAdoptionServiceImpl:119] [c-default-executor-1] - FeatureAdoption Framework Service is already running
2023-03-16T11:29:01.613Z [jfac ] [INFO ] [0194aefa1e16f93e] [.r.ServiceTokenProviderImpl:70] [27.0.0.1-8040-exec-7] - Cluster join: Successfully joined jfob@01gsthmwbbqmed0tj72bw005ed with node id 289ef4815149
2023-03-16T11:29:02.691Z [jfac ] [WARN ] [fada5fd5652c6beb] [o.j.c.ExecutionUtils:177      ] [jf-common-pool-2    ] - Retry 10 Elapsed 6.55 secs failed: Router readiness on URL http://localhost:8046/router/api/v1/system/readiness failed with error: Router readiness failed with status 503. Trying again
2023-03-16T11:29:03.206Z [jfac ] [INFO ] [0c3e6ed8829c59bc] [.r.ServiceTokenProviderImpl:70] [27.0.0.1-8040-exec-7] - Cluster join: Successfully joined jffe@01gsthm3dxven60ez9sygz1r46 with node id 289ef4815149
2023-03-16T11:29:12.737Z [jfac ] [WARN ] [fada5fd5652c6beb] [o.j.c.ExecutionUtils:177      ] [jf-common-pool-2    ] - Retry 20 Elapsed 16.6 secs failed: Router readiness on URL http://localhost:8046/router/api/v1/system/readiness failed with error: Router readiness failed with status 503. Trying again
2023-03-16T11:29:13.520Z [jfac ] [INFO ] [                ] [CertificateFileHandlerBase:134] [c-default-executor-1] - Loading root certificate from database.
2023-03-16T11:29:13.682Z [jfac ] [INFO ] [                ] [CertificateFileHandlerBase:160] [c-default-executor-1] - [ACCESS BOOTSTRAP] Saved new root certificate at: /opt/jfrog/artifactory/var/etc/access/keys/root.crt
2023-03-16T11:29:13.684Z [jfac ] [INFO ] [                ] [CertificateFileHandlerBase:134] [c-default-executor-1] - Loading ca certificate from database.
2023-03-16T11:29:13.795Z [jfac ] [INFO ] [fada5fd5652c6beb] [.s.b.AccessServerRegistrar:130] [jf-common-pool-1    ] - [ACCESS BOOTSTRAP] Updating server '289ef4815149' private key finger print to: c7c7d3cef96bc4602b969d0402ea90223647978692ca028531e365e6c92d2115 ca private key finger print to: e3f48a65daa0ffe8f41761b059deb7b1160e04b3b99d19d762e79a16c8e5cce8
2023-03-16T11:29:13.796Z [jfac ] [INFO ] [                ] [CertificateFileHandlerBase:160] [c-default-executor-1] - [ACCESS BOOTSTRAP] Saved new ca certificate at: /opt/jfrog/artifactory/var/etc/access/keys/ca.crt
2023-03-16T11:29:13.807Z [jfac ] [INFO ] [                ] [alConfigurationServiceBase:188] [c-default-executor-1] - Loading configuration from db finished successfully
2023-03-16T11:29:16.857Z [jfac ] [INFO ] [8345e461300e5b19] [o.j.a.s.s.c.s.HeartbeatJob:82 ] [jf-access-task6     ] - Refreshing server state after it was considered as stale by peers [last previous successful update 1678966126756]
2023-03-16T11:29:16.860Z [jfac ] [INFO ] [8345e461300e5b19] [CertificateFileHandlerBase:134] [jf-access-task6     ] - Loading root certificate from database.
2023-03-16T11:29:16.941Z [jfac ] [INFO ] [8345e461300e5b19] [CertificateFileHandlerBase:160] [jf-access-task6     ] - [ACCESS BOOTSTRAP] Saved new root certificate at: /opt/jfrog/artifactory/var/etc/access/keys/root.crt
2023-03-16T11:29:16.942Z [jfac ] [INFO ] [8345e461300e5b19] [CertificateFileHandlerBase:134] [jf-access-task6     ] - Loading ca certificate from database.
2023-03-16T11:29:17.021Z [jfac ] [INFO ] [8345e461300e5b19] [CertificateFileHandlerBase:160] [jf-access-task6     ] - [ACCESS BOOTSTRAP] Saved new ca certificate at: /opt/jfrog/artifactory/var/etc/access/keys/ca.crt
2023-03-16T11:29:17.025Z [jfac ] [INFO ] [8345e461300e5b19] [alConfigurationServiceBase:188] [jf-access-task6     ] - Loading configuration from db finished successfully
2023-03-16T11:56:48.820Z [jfac ] [INFO ] [62f8b4223bf60b1 ] [licationContextInitializer:162] [Catalina-utility-1  ] - Access (jfac) service initialization started. Version: 7.64.5 Revision: 76405900 PID: 5014 Home: /opt/jfrog/artifactory
2023-03-16T11:56:48.977Z [jfac ] [INFO ] [62f8b4223bf60b1 ] [o.j.a.AccessApplication:55    ] [Catalina-utility-1  ] - Starting AccessApplication v7.64.5 using Java 17.0.5 on a7c69def83ee with PID 5014 (/opt/jfrog/artifactory/app/artifactory/tomcat/webapps/access/WEB-INF/lib/access-application-7.64.5.jar started by artifactory in /var/opt/jfrog/artifactory)
2023-03-16T11:56:48.980Z [jfac ] [INFO ] [62f8b4223bf60b1 ] [o.j.a.AccessApplication:680   ] [Catalina-utility-1  ] - No active profile set, falling back to 1 default profile: "default"
2023-03-16T11:56:56.963Z [jfac ] [WARN ] [62f8b4223bf60b1 ] [c.z.h.u.DriverDataSource:70   ] [Catalina-utility-1  ] - Registered driver with driverClassName=org.apache.derby.jdbc.EmbeddedDriver was not found, trying direct instantiation.
2023-03-16T11:56:57.104Z [jfac ] [INFO ] [62f8b4223bf60b1 ] [s.d.u.AccessJdbcHelperImpl:162] [Catalina-utility-1  ] - Database: Apache Derby 10.14.2.0 - (1828579). Driver: Apache Derby Embedded JDBC Driver 10.14.2.0 - (1828579)
2023-03-16T11:56:59.731Z [jfac ] [INFO ] [62f8b4223bf60b1 ] [alConfigurationServiceBase:188] [Catalina-utility-1  ] - Loading configuration from db finished successfully
2023-03-16T11:57:00.232Z [jfac ] [INFO ] [62f8b4223bf60b1 ] [alConfigurationServiceBase:126] [Catalina-utility-1  ] - Current configurations are the same as the new configurations, no need for an update. No action was taken.
2023-03-16T11:57:01.418Z [jfac ] [INFO ] [62f8b4223bf60b1 ] [.h.AccessNodeIdProviderImpl:73] [Catalina-utility-1  ] - Service id initialized: jfac@01gsthm3dxven60ez9sygz1r46
2023-03-16T11:57:03.429Z [jfac ] [INFO ] [62f8b4223bf60b1 ] [.s.s.s.ServiceConfigFactory:44] [Catalina-utility-1  ] - Initializing task scheduler with 9 threads
2023-03-16T11:57:03.572Z [jfac ] [INFO ] [62f8b4223bf60b1 ] [j.a.s.s.t.TokenServiceImpl:166] [Catalina-utility-1  ] - Scheduling task for revoking expired tokens using cron expression: 20 29 0/1 * * ?
2023-03-16T11:57:04.930Z [jfac ] [INFO ] [62f8b4223bf60b1 ] [b.AccessServerBootstrapImpl:58] [Catalina-utility-1  ] - [ACCESS BOOTSTRAP] Starting JFrog Access bootstrap...
2023-03-16T11:57:05.007Z [jfac ] [INFO ] [62f8b4223bf60b1 ] [.a.s.d.s.c.v.DerbyValidator:26] [Catalina-utility-1  ] - Validating connection collation for derby database
2023-03-16T11:57:06.402Z [jfac ] [INFO ] [62f8b4223bf60b1 ] [CertificateFileHandlerBase:160] [Catalina-utility-1  ] - [ACCESS BOOTSTRAP] Saved new root certificate at: /opt/jfrog/artifactory/var/etc/access/keys/root.crt
2023-03-16T11:57:06.848Z [jfac ] [INFO ] [62f8b4223bf60b1 ] [CertificateFileHandlerBase:160] [Catalina-utility-1  ] - [ACCESS BOOTSTRAP] Saved new ca certificate at: /opt/jfrog/artifactory/var/etc/access/keys/ca.crt
2023-03-16T11:57:07.990Z [jfac ] [INFO ] [62f8b4223bf60b1 ] [o.j.m.MetricsHelper:64        ] [Catalina-utility-1  ] - Initializing Metrics collector and logger for feature adoption...
2023-03-16T11:57:07.999Z [jfac ] [INFO ] [62f8b4223bf60b1 ] [FeatureAdoptionServiceImpl:129] [Catalina-utility-1  ] - FeatureAdoption Framework service is started and is running in background...
2023-03-16T11:57:08.257Z [jfac ] [INFO ] [62f8b4223bf60b1 ] [b.AccessServerBootstrapImpl:71] [Catalina-utility-1  ] - [ACCESS BOOTSTRAP] JFrog Access bootstrap finished.
2023-03-16T11:57:09.900Z [jfac ] [INFO ] [62f8b4223bf60b1 ] [o.j.a.s.s.JoinKeyAccess:172   ] [Catalina-utility-1  ] - Cluster join: Join key loaded successfully (from: /opt/jfrog/artifactory/var/etc/security/join.key)
2023-03-16T11:57:10.350Z [jfac ] [INFO ] [62f8b4223bf60b1 ] [.a.s.JfConnectConfiguration:40] [Catalina-utility-1  ] - JFCON entitlements are disabled. jfconnect.enabled is false or undefined
2023-03-16T11:57:15.894Z [jfac ] [INFO ] [62f8b4223bf60b1 ] [o.j.a.s.r.s.GrpcServerImpl:66 ] [Catalina-utility-1  ] - Starting gRPC Server on port 8045
2023-03-16T11:57:16.954Z [jfac ] [INFO ] [62f8b4223bf60b1 ] [o.j.a.s.r.s.GrpcServerImpl:86 ] [Catalina-utility-1  ] - gRPC Server started, listening on 8045
2023-03-16T11:57:17.378Z [jfac ] [INFO ] [62f8b4223bf60b1 ] [a.c.RefreshableScheduledJob:53] [Catalina-utility-1  ] - Scheduling EmailsLogCleanup task to run every 86400 seconds
2023-03-16T11:57:17.414Z [jfac ] [INFO ] [62f8b4223bf60b1 ] [a.c.RefreshableScheduledJob:53] [Catalina-utility-1  ] - Scheduling staleTokenCleanup task to run every 3600 seconds
2023-03-16T11:57:17.474Z [jfac ] [INFO ] [c0c7eaed00dae35a] [a.c.RefreshableScheduledJob:53] [Catalina-utility-1  ] - Scheduling loadCertificates task to run every 30 seconds
2023-03-16T11:57:17.493Z [jfac ] [INFO ] [                ] [.j.a.s.s.SystemScheduledJob:37] [Catalina-utility-1  ] - Scheduling Readiness task to run with 15000 milliseconds fixed delay
2023-03-16T11:57:17.521Z [jfac ] [INFO ] [f7246ddcb0e0d9ba] [a.c.RefreshableScheduledJob:53] [Catalina-utility-1  ] - Scheduling heartbeat task to run every 5 seconds
2023-03-16T11:57:17.525Z [jfac ] [INFO ] [f7246ddcb0e0d9ba] [a.c.RefreshableScheduledJob:53] [Catalina-utility-1  ] - Scheduling KeepAliveFederationServers task to run every 86400 seconds
2023-03-16T11:57:17.530Z [jfac ] [INFO ] [f7246ddcb0e0d9ba] [a.c.RefreshableScheduledJob:53] [Catalina-utility-1  ] - Scheduling federationCleanupService task to run every 1209600 seconds
2023-03-16T11:57:21.729Z [jfac ] [INFO ] [f7246ddcb0e0d9ba] [o.j.a.AccessApplication:61    ] [Catalina-utility-1  ] - Started AccessApplication in 34.057 seconds (JVM running for 41.12)
2023-03-16T11:57:22.432Z [jfac ] [WARN ] [62f8b4223bf60b1 ] [o.j.c.ExecutionUtils:177      ] [jf-common-pool-1    ] - Retry 10 Elapsed 5.2 secs failed: Registration with router on URL http://localhost:8046 failed with error: UNAVAILABLE: io exception. Trying again
2023-03-16T11:57:27.465Z [jfac ] [WARN ] [62f8b4223bf60b1 ] [o.j.c.ExecutionUtils:177      ] [jf-common-pool-1    ] - Retry 20 Elapsed 10.23 secs failed: Registration with router on URL http://localhost:8046 failed with error: UNAVAILABLE: io exception. Trying again
2023-03-16T11:57:28.049Z [jfac ] [WARN ] [36b455fabebec929] [c.z.h.u.DriverDataSource:70   ] [27.0.0.1-8040-exec-3] - Registered driver with driverClassName=org.apache.derby.jdbc.EmbeddedDriver was not found, trying direct instantiation.
2023-03-16T11:57:28.857Z [jfac ] [INFO ] [36b455fabebec929] [.r.ServiceTokenProviderImpl:70] [27.0.0.1-8040-exec-3] - Cluster join: Successfully joined jfrou@01gsthm7tp2bnvtd7d61jbf1xj with node id a7c69def83ee
2023-03-16T11:57:32.502Z [jfac ] [WARN ] [62f8b4223bf60b1 ] [o.j.c.ExecutionUtils:177      ] [jf-common-pool-1    ] - Retry 30 Elapsed 15.27 secs failed: Registration with router on URL http://localhost:8046 failed with error: UNAVAILABLE: io exception. Trying again
2023-03-16T11:57:34.688Z [jfac ] [INFO ] [62f8b4223bf60b1 ] [.AccessWithRouterRegistrar:111] [jf-common-pool-1    ] - Access Server successfully registered on Router on URL: http://localhost:8046
2023-03-16T11:57:35.248Z [jfac ] [INFO ] [2680d052cc83c37b] [.r.ServiceTokenProviderImpl:70] [7.0.0.1-8040-exec-10] - Cluster join: Successfully joined jfrt@01gsthmwbbqmed0tj72bw005ed with node id a7c69def83ee
2023-03-16T11:57:35.517Z [jfac ] [INFO ] [33a4d173b4c6c736] [.r.ServiceTokenProviderImpl:70] [27.0.0.1-8040-exec-8] - Cluster join: Successfully joined jfmd@01gsthm8t26kx8e8vbe0qkdkse with node id a7c69def83ee
2023-03-16T11:57:35.929Z [jfac ] [INFO ] [50b1e0ed2497c210] [.r.ServiceTokenProviderImpl:70] [27.0.0.1-8040-exec-7] - Cluster join: Successfully joined jfevt@01gsthm3dxven60ez9sygz1r46 with node id a7c69def83ee
2023-03-16T11:57:35.960Z [jfac ] [INFO ] [3b4431b3743e438e] [.r.ServiceTokenProviderImpl:70] [7.0.0.1-8040-exec-10] - Cluster join: Successfully joined jfint@01gsthm3dxven60ez9sygz1r46 with node id a7c69def83ee
2023-03-16T11:57:36.820Z [jfac ] [INFO ] [3acbc7f91c9868b2] [FeatureAdoptionServiceImpl:119] [c-default-executor-2] - FeatureAdoption Framework Service is already running
2023-03-16T11:57:40.306Z [jfac ] [INFO ] [622a3ebdc95f8a90] [.r.ServiceTokenProviderImpl:70] [27.0.0.1-8040-exec-5] - Cluster join: Successfully joined jffe@01gsthm3dxven60ez9sygz1r46 with node id a7c69def83ee
2023-03-16T11:57:41.049Z [jfac ] [INFO ] [5e449178d30eae72] [.r.ServiceTokenProviderImpl:70] [27.0.0.1-8040-exec-6] - Cluster join: Successfully joined jfob@01gsthmwbbqmed0tj72bw005ed with node id a7c69def83ee
2023-03-16T11:57:41.245Z [jfac ] [WARN ] [62f8b4223bf60b1 ] [o.j.c.ExecutionUtils:177      ] [jf-common-pool-2    ] - Retry 10 Elapsed 6.56 secs failed: Router readiness on URL http://localhost:8046/router/api/v1/system/readiness failed with error: Router readiness failed with status 503. Trying again
2023-03-16T11:57:50.796Z [jfac ] [INFO ] [                ] [CertificateFileHandlerBase:134] [c-default-executor-0] - Loading root certificate from database.
2023-03-16T11:57:50.934Z [jfac ] [INFO ] [                ] [CertificateFileHandlerBase:160] [c-default-executor-0] - [ACCESS BOOTSTRAP] Saved new root certificate at: /opt/jfrog/artifactory/var/etc/access/keys/root.crt
2023-03-16T11:57:50.937Z [jfac ] [INFO ] [                ] [CertificateFileHandlerBase:134] [c-default-executor-0] - Loading ca certificate from database.
2023-03-16T11:57:51.018Z [jfac ] [INFO ] [                ] [CertificateFileHandlerBase:160] [c-default-executor-0] - [ACCESS BOOTSTRAP] Saved new ca certificate at: /opt/jfrog/artifactory/var/etc/access/keys/ca.crt
2023-03-16T11:57:51.030Z [jfac ] [INFO ] [                ] [alConfigurationServiceBase:188] [c-default-executor-0] - Loading configuration from db finished successfully
2023-03-16T11:57:51.300Z [jfac ] [INFO ] [62f8b4223bf60b1 ] [.s.b.AccessServerRegistrar:130] [jf-common-pool-1    ] - [ACCESS BOOTSTRAP] Updating server 'a7c69def83ee' private key finger print to: c7c7d3cef96bc4602b969d0402ea90223647978692ca028531e365e6c92d2115 ca private key finger print to: e3f48a65daa0ffe8f41761b059deb7b1160e04b3b99d19d762e79a16c8e5cce8
2023-03-16T11:57:52.615Z [jfac ] [INFO ] [6fbc4ee17c7020d3] [o.j.a.s.s.c.s.HeartbeatJob:82 ] [jf-access-task5     ] - Refreshing server state after it was considered as stale by peers [last previous successful update 1678967837506]
2023-03-16T11:57:52.618Z [jfac ] [INFO ] [6fbc4ee17c7020d3] [CertificateFileHandlerBase:134] [jf-access-task5     ] - Loading root certificate from database.
2023-03-16T11:57:52.687Z [jfac ] [INFO ] [6fbc4ee17c7020d3] [CertificateFileHandlerBase:160] [jf-access-task5     ] - [ACCESS BOOTSTRAP] Saved new root certificate at: /opt/jfrog/artifactory/var/etc/access/keys/root.crt
2023-03-16T11:57:52.688Z [jfac ] [INFO ] [6fbc4ee17c7020d3] [CertificateFileHandlerBase:134] [jf-access-task5     ] - Loading ca certificate from database.
2023-03-16T11:57:52.761Z [jfac ] [INFO ] [6fbc4ee17c7020d3] [CertificateFileHandlerBase:160] [jf-access-task5     ] - [ACCESS BOOTSTRAP] Saved new ca certificate at: /opt/jfrog/artifactory/var/etc/access/keys/ca.crt
2023-03-16T11:57:52.764Z [jfac ] [INFO ] [6fbc4ee17c7020d3] [alConfigurationServiceBase:188] [jf-access-task5     ] - Loading configuration from db finished successfully
2023-03-16T12:21:00.074Z [jfac ] [INFO ] [20deca83e15dc21 ] [licationContextInitializer:162] [Catalina-utility-2  ] - Access (jfac) service initialization started. Version: 7.64.5 Revision: 76405900 PID: 4948 Home: /opt/jfrog/artifactory
2023-03-16T12:21:00.321Z [jfac ] [INFO ] [20deca83e15dc21 ] [o.j.a.AccessApplication:55    ] [Catalina-utility-2  ] - Starting AccessApplication v7.64.5 using Java 17.0.5 on 4887a0ca1833 with PID 4948 (/opt/jfrog/artifactory/app/artifactory/tomcat/webapps/access/WEB-INF/lib/access-application-7.64.5.jar started by artifactory in /var/opt/jfrog/artifactory)
2023-03-16T12:21:00.324Z [jfac ] [INFO ] [20deca83e15dc21 ] [o.j.a.AccessApplication:680   ] [Catalina-utility-2  ] - No active profile set, falling back to 1 default profile: "default"
2023-03-16T12:21:11.164Z [jfac ] [WARN ] [20deca83e15dc21 ] [c.z.h.u.DriverDataSource:70   ] [Catalina-utility-2  ] - Registered driver with driverClassName=org.apache.derby.jdbc.EmbeddedDriver was not found, trying direct instantiation.
2023-03-16T12:21:11.210Z [jfac ] [INFO ] [20deca83e15dc21 ] [s.d.u.AccessJdbcHelperImpl:162] [Catalina-utility-2  ] - Database: Apache Derby 10.14.2.0 - (1828579). Driver: Apache Derby Embedded JDBC Driver 10.14.2.0 - (1828579)
2023-03-16T12:21:13.859Z [jfac ] [INFO ] [20deca83e15dc21 ] [alConfigurationServiceBase:188] [Catalina-utility-2  ] - Loading configuration from db finished successfully
2023-03-16T12:21:14.544Z [jfac ] [INFO ] [20deca83e15dc21 ] [alConfigurationServiceBase:126] [Catalina-utility-2  ] - Current configurations are the same as the new configurations, no need for an update. No action was taken.
2023-03-16T12:21:15.469Z [jfac ] [INFO ] [20deca83e15dc21 ] [.h.AccessNodeIdProviderImpl:73] [Catalina-utility-2  ] - Service id initialized: jfac@01gsthm3dxven60ez9sygz1r46
2023-03-16T12:21:17.180Z [jfac ] [INFO ] [20deca83e15dc21 ] [.s.s.s.ServiceConfigFactory:44] [Catalina-utility-2  ] - Initializing task scheduler with 9 threads
2023-03-16T12:21:17.368Z [jfac ] [INFO ] [20deca83e15dc21 ] [j.a.s.s.t.TokenServiceImpl:166] [Catalina-utility-2  ] - Scheduling task for revoking expired tokens using cron expression: 6 50 0/1 * * ?
2023-03-16T12:21:18.410Z [jfac ] [INFO ] [20deca83e15dc21 ] [b.AccessServerBootstrapImpl:58] [Catalina-utility-2  ] - [ACCESS BOOTSTRAP] Starting JFrog Access bootstrap...
2023-03-16T12:21:18.462Z [jfac ] [INFO ] [20deca83e15dc21 ] [.a.s.d.s.c.v.DerbyValidator:26] [Catalina-utility-2  ] - Validating connection collation for derby database
2023-03-16T12:21:19.581Z [jfac ] [INFO ] [20deca83e15dc21 ] [CertificateFileHandlerBase:160] [Catalina-utility-2  ] - [ACCESS BOOTSTRAP] Saved new root certificate at: /opt/jfrog/artifactory/var/etc/access/keys/root.crt
2023-03-16T12:21:20.003Z [jfac ] [INFO ] [20deca83e15dc21 ] [CertificateFileHandlerBase:160] [Catalina-utility-2  ] - [ACCESS BOOTSTRAP] Saved new ca certificate at: /opt/jfrog/artifactory/var/etc/access/keys/ca.crt
2023-03-16T12:21:21.321Z [jfac ] [INFO ] [20deca83e15dc21 ] [o.j.m.MetricsHelper:64        ] [Catalina-utility-2  ] - Initializing Metrics collector and logger for feature adoption...
2023-03-16T12:21:21.331Z [jfac ] [INFO ] [20deca83e15dc21 ] [FeatureAdoptionServiceImpl:129] [Catalina-utility-2  ] - FeatureAdoption Framework service is started and is running in background...
2023-03-16T12:21:21.513Z [jfac ] [INFO ] [20deca83e15dc21 ] [b.AccessServerBootstrapImpl:71] [Catalina-utility-2  ] - [ACCESS BOOTSTRAP] JFrog Access bootstrap finished.
2023-03-16T12:21:23.499Z [jfac ] [INFO ] [20deca83e15dc21 ] [o.j.a.s.s.JoinKeyAccess:172   ] [Catalina-utility-2  ] - Cluster join: Join key loaded successfully (from: /opt/jfrog/artifactory/var/etc/security/join.key)
2023-03-16T12:21:24.067Z [jfac ] [INFO ] [20deca83e15dc21 ] [.a.s.JfConnectConfiguration:40] [Catalina-utility-2  ] - JFCON entitlements are disabled. jfconnect.enabled is false or undefined
2023-03-16T12:21:30.380Z [jfac ] [INFO ] [20deca83e15dc21 ] [o.j.a.s.r.s.GrpcServerImpl:66 ] [Catalina-utility-2  ] - Starting gRPC Server on port 8045
2023-03-16T12:21:31.187Z [jfac ] [INFO ] [20deca83e15dc21 ] [o.j.a.s.r.s.GrpcServerImpl:86 ] [Catalina-utility-2  ] - gRPC Server started, listening on 8045
2023-03-16T12:21:31.508Z [jfac ] [INFO ] [20deca83e15dc21 ] [a.c.RefreshableScheduledJob:53] [Catalina-utility-2  ] - Scheduling EmailsLogCleanup task to run every 86400 seconds
2023-03-16T12:21:31.525Z [jfac ] [INFO ] [20deca83e15dc21 ] [a.c.RefreshableScheduledJob:53] [Catalina-utility-2  ] - Scheduling staleTokenCleanup task to run every 3600 seconds
2023-03-16T12:21:31.607Z [jfac ] [INFO ] [3ea53a2533021e19] [a.c.RefreshableScheduledJob:53] [Catalina-utility-2  ] - Scheduling loadCertificates task to run every 30 seconds
2023-03-16T12:21:31.658Z [jfac ] [INFO ] [                ] [.j.a.s.s.SystemScheduledJob:37] [Catalina-utility-2  ] - Scheduling Readiness task to run with 15000 milliseconds fixed delay
2023-03-16T12:21:31.743Z [jfac ] [INFO ] [43afd3950b8f4cc5] [a.c.RefreshableScheduledJob:53] [Catalina-utility-2  ] - Scheduling heartbeat task to run every 5 seconds
2023-03-16T12:21:31.759Z [jfac ] [INFO ] [43afd3950b8f4cc5] [a.c.RefreshableScheduledJob:53] [Catalina-utility-2  ] - Scheduling KeepAliveFederationServers task to run every 86400 seconds
2023-03-16T12:21:31.762Z [jfac ] [INFO ] [43afd3950b8f4cc5] [a.c.RefreshableScheduledJob:53] [Catalina-utility-2  ] - Scheduling federationCleanupService task to run every 1209600 seconds
2023-03-16T12:21:36.228Z [jfac ] [INFO ] [43afd3950b8f4cc5] [o.j.a.AccessApplication:61    ] [Catalina-utility-2  ] - Started AccessApplication in 38.128 seconds (JVM running for 44.622)
2023-03-16T12:21:36.661Z [jfac ] [WARN ] [20deca83e15dc21 ] [o.j.c.ExecutionUtils:177      ] [jf-common-pool-0    ] - Retry 10 Elapsed 5.21 secs failed: Registration with router on URL http://localhost:8046 failed with error: UNAVAILABLE: io exception. Trying again
2023-03-16T12:21:41.661Z [jfac ] [WARN ] [41b85cb4c2af7fb4] [c.z.h.u.DriverDataSource:70   ] [27.0.0.1-8040-exec-3] - Registered driver with driverClassName=org.apache.derby.jdbc.EmbeddedDriver was not found, trying direct instantiation.
2023-03-16T12:21:41.702Z [jfac ] [WARN ] [20deca83e15dc21 ] [o.j.c.ExecutionUtils:177      ] [jf-common-pool-0    ] - Retry 20 Elapsed 10.25 secs failed: Registration with router on URL http://localhost:8046 failed with error: UNAVAILABLE: io exception. Trying again
2023-03-16T12:21:42.165Z [jfac ] [INFO ] [41b85cb4c2af7fb4] [.r.ServiceTokenProviderImpl:70] [27.0.0.1-8040-exec-3] - Cluster join: Successfully joined jfrou@01gsthm7tp2bnvtd7d61jbf1xj with node id 4887a0ca1833
2023-03-16T12:21:46.739Z [jfac ] [WARN ] [20deca83e15dc21 ] [o.j.c.ExecutionUtils:177      ] [jf-common-pool-0    ] - Retry 30 Elapsed 15.29 secs failed: Registration with router on URL http://localhost:8046 failed with error: UNAVAILABLE: io exception. Trying again
2023-03-16T12:21:49.897Z [jfac ] [INFO ] [20deca83e15dc21 ] [.AccessWithRouterRegistrar:111] [jf-common-pool-0    ] - Access Server successfully registered on Router on URL: http://localhost:8046
2023-03-16T12:21:50.390Z [jfac ] [INFO ] [23036a30d104ad69] [.r.ServiceTokenProviderImpl:70] [27.0.0.1-8040-exec-1] - Cluster join: Successfully joined jfint@01gsthm3dxven60ez9sygz1r46 with node id 4887a0ca1833
2023-03-16T12:21:50.608Z [jfac ] [INFO ] [6566b97e2e476f40] [.r.ServiceTokenProviderImpl:70] [27.0.0.1-8040-exec-4] - Cluster join: Successfully joined jfmd@01gsthm8t26kx8e8vbe0qkdkse with node id 4887a0ca1833
2023-03-16T12:21:51.006Z [jfac ] [INFO ] [0448004fed0c7f6d] [.r.ServiceTokenProviderImpl:70] [27.0.0.1-8040-exec-5] - Cluster join: Successfully joined jfrt@01gsthmwbbqmed0tj72bw005ed with node id 4887a0ca1833
2023-03-16T12:21:51.235Z [jfac ] [INFO ] [20d3219d2f2c0b4d] [.r.ServiceTokenProviderImpl:70] [27.0.0.1-8040-exec-9] - Cluster join: Successfully joined jfevt@01gsthm3dxven60ez9sygz1r46 with node id 4887a0ca1833
2023-03-16T12:21:52.608Z [jfac ] [INFO ] [239fce84c070453b] [FeatureAdoptionServiceImpl:119] [c-default-executor-0] - FeatureAdoption Framework Service is already running
2023-03-16T12:21:55.840Z [jfac ] [INFO ] [06dd3cda87dc2bb2] [.r.ServiceTokenProviderImpl:70] [27.0.0.1-8040-exec-7] - Cluster join: Successfully joined jfob@01gsthmwbbqmed0tj72bw005ed with node id 4887a0ca1833
2023-03-16T12:21:55.945Z [jfac ] [INFO ] [7ef0770a1bc2c114] [.r.ServiceTokenProviderImpl:70] [27.0.0.1-8040-exec-8] - Cluster join: Successfully joined jffe@01gsthm3dxven60ez9sygz1r46 with node id 4887a0ca1833
2023-03-16T12:21:56.469Z [jfac ] [WARN ] [20deca83e15dc21 ] [o.j.c.ExecutionUtils:177      ] [jf-common-pool-2    ] - Retry 10 Elapsed 6.57 secs failed: Router readiness on URL http://localhost:8046/router/api/v1/system/readiness failed with error: Router readiness failed with status 503. Trying again
2023-03-16T12:22:03.146Z [jfac ] [INFO ] [                ] [CertificateFileHandlerBase:134] [c-default-executor-1] - Loading root certificate from database.
2023-03-16T12:22:03.337Z [jfac ] [INFO ] [                ] [CertificateFileHandlerBase:160] [c-default-executor-1] - [ACCESS BOOTSTRAP] Saved new root certificate at: /opt/jfrog/artifactory/var/etc/access/keys/root.crt
2023-03-16T12:22:03.338Z [jfac ] [INFO ] [                ] [CertificateFileHandlerBase:134] [c-default-executor-1] - Loading ca certificate from database.
2023-03-16T12:22:03.415Z [jfac ] [INFO ] [                ] [CertificateFileHandlerBase:160] [c-default-executor-1] - [ACCESS BOOTSTRAP] Saved new ca certificate at: /opt/jfrog/artifactory/var/etc/access/keys/ca.crt
2023-03-16T12:22:03.429Z [jfac ] [INFO ] [                ] [alConfigurationServiceBase:188] [c-default-executor-1] - Loading configuration from db finished successfully
2023-03-16T12:22:03.512Z [jfac ] [INFO ] [20deca83e15dc21 ] [.s.b.AccessServerRegistrar:130] [jf-common-pool-0    ] - [ACCESS BOOTSTRAP] Updating server '4887a0ca1833' private key finger print to: c7c7d3cef96bc4602b969d0402ea90223647978692ca028531e365e6c92d2115 ca private key finger print to: e3f48a65daa0ffe8f41761b059deb7b1160e04b3b99d19d762e79a16c8e5cce8
2023-03-16T12:22:07.056Z [jfac ] [INFO ] [9d13f07ef66ac79a] [o.j.a.s.s.c.s.HeartbeatJob:82 ] [jf-access-task3     ] - Refreshing server state after it was considered as stale by peers [last previous successful update 1678969291696]
2023-03-16T12:22:07.058Z [jfac ] [INFO ] [9d13f07ef66ac79a] [CertificateFileHandlerBase:134] [jf-access-task3     ] - Loading root certificate from database.
2023-03-16T12:22:07.179Z [jfac ] [INFO ] [9d13f07ef66ac79a] [CertificateFileHandlerBase:160] [jf-access-task3     ] - [ACCESS BOOTSTRAP] Saved new root certificate at: /opt/jfrog/artifactory/var/etc/access/keys/root.crt
2023-03-16T12:22:07.180Z [jfac ] [INFO ] [9d13f07ef66ac79a] [CertificateFileHandlerBase:134] [jf-access-task3     ] - Loading ca certificate from database.
2023-03-16T12:22:07.249Z [jfac ] [INFO ] [9d13f07ef66ac79a] [CertificateFileHandlerBase:160] [jf-access-task3     ] - [ACCESS BOOTSTRAP] Saved new ca certificate at: /opt/jfrog/artifactory/var/etc/access/keys/ca.crt
2023-03-16T12:22:07.251Z [jfac ] [INFO ] [9d13f07ef66ac79a] [alConfigurationServiceBase:188] [jf-access-task3     ] - Loading configuration from db finished successfully
